Vivado Simulator 2015.3
Time resolution is 1 ps
Note: roku is:5
Time: 0 ps  Iteration: 0  Process: /T04_ForLoopTb/line__7  File: C:/VhdlWiz/My_Projects/T04_ForLoopTb/T04_ForLoopTb.srcs/sim_1/imports/exercises/T04_ForLoopTb.vhd
Note: roku is:5
Time: 10 ns  Iteration: 0  Process: /T04_ForLoopTb/line__7  File: C:/VhdlWiz/My_Projects/T04_ForLoopTb/T04_ForLoopTb.srcs/sim_1/imports/exercises/T04_ForLoopTb.vhd
Note: roku is:5
Time: 20 ns  Iteration: 0  Process: /T04_ForLoopTb/line__7  File: C:/VhdlWiz/My_Projects/T04_ForLoopTb/T04_ForLoopTb.srcs/sim_1/imports/exercises/T04_ForLoopTb.vhd
Note: out of the box
Time: 30 ns  Iteration: 0  Process: /T04_ForLoopTb/line__7  File: C:/VhdlWiz/My_Projects/T04_ForLoopTb/T04_ForLoopTb.srcs/sim_1/imports/exercises/T04_ForLoopTb.vhd
Note: roku is:5
Time: 30 ns  Iteration: 0  Process: /T04_ForLoopTb/line__7  File: C:/VhdlWiz/My_Projects/T04_ForLoopTb/T04_ForLoopTb.srcs/sim_1/imports/exercises/T04_ForLoopTb.vhd
Note: roku is:5
Time: 40 ns  Iteration: 0  Process: /T04_ForLoopTb/line__7  File: C:/VhdlWiz/My_Projects/T04_ForLoopTb/T04_ForLoopTb.srcs/sim_1/imports/exercises/T04_ForLoopTb.vhd
Note: roku is:5
Time: 50 ns  Iteration: 0  Process: /T04_ForLoopTb/line__7  File: C:/VhdlWiz/My_Projects/T04_ForLoopTb/T04_ForLoopTb.srcs/sim_1/imports/exercises/T04_ForLoopTb.vhd
Note: out of the box
Time: 60 ns  Iteration: 0  Process: /T04_ForLoopTb/line__7  File: C:/VhdlWiz/My_Projects/T04_ForLoopTb/T04_ForLoopTb.srcs/sim_1/imports/exercises/T04_ForLoopTb.vhd
Note: roku is:5
Time: 60 ns  Iteration: 0  Process: /T04_ForLoopTb/line__7  File: C:/VhdlWiz/My_Projects/T04_ForLoopTb/T04_ForLoopTb.srcs/sim_1/imports/exercises/T04_ForLoopTb.vhd
Note: roku is:5
Time: 70 ns  Iteration: 0  Process: /T04_ForLoopTb/line__7  File: C:/VhdlWiz/My_Projects/T04_ForLoopTb/T04_ForLoopTb.srcs/sim_1/imports/exercises/T04_ForLoopTb.vhd
Note: roku is:5
Time: 80 ns  Iteration: 0  Process: /T04_ForLoopTb/line__7  File: C:/VhdlWiz/My_Projects/T04_ForLoopTb/T04_ForLoopTb.srcs/sim_1/imports/exercises/T04_ForLoopTb.vhd
Note: out of the box
Time: 90 ns  Iteration: 0  Process: /T04_ForLoopTb/line__7  File: C:/VhdlWiz/My_Projects/T04_ForLoopTb/T04_ForLoopTb.srcs/sim_1/imports/exercises/T04_ForLoopTb.vhd
Note: roku is:5
Time: 90 ns  Iteration: 0  Process: /T04_ForLoopTb/line__7  File: C:/VhdlWiz/My_Projects/T04_ForLoopTb/T04_ForLoopTb.srcs/sim_1/imports/exercises/T04_ForLoopTb.vhd
Note: roku is:5
Time: 100 ns  Iteration: 0  Process: /T04_ForLoopTb/line__7  File: C:/VhdlWiz/My_Projects/T04_ForLoopTb/T04_ForLoopTb.srcs/sim_1/imports/exercises/T04_ForLoopTb.vhd
