#-----------------------------------------------------------
# Vivado v2018.3 (64-bit)
# SW Build 2405991 on Thu Dec  6 23:38:27 MST 2018
# IP Build 2404404 on Fri Dec  7 01:43:56 MST 2018
# Start of session at: Wed Jun 15 08:53:59 2022
# Process ID: 36452
# Current directory: L:/Xilinx_Training/Lab4
# Command line: vivado.exe -gui_launcher_event rodinguilauncherevent4312 L:\Xilinx_Training\Lab4\buildingMemory.xpr
# Log file: L:/Xilinx_Training/Lab4/vivado.log
# Journal file: L:/Xilinx_Training/Lab4\vivado.jou
#-----------------------------------------------------------
start_gui
open_project L:/Xilinx_Training/Lab4/buildingMemory.xpr
Scanning sources...
Finished scanning sources
INFO: [IP_Flow 19-234] Refreshing IP repositories
INFO: [IP_Flow 19-1704] No user IP repositories specified
INFO: [IP_Flow 19-2313] Loaded Vivado IP repository 'C:/Xilinx/Vivado/2018.3/data/ip'.
open_project: Time (s): cpu = 00:00:16 ; elapsed = 00:00:14 . Memory (MB): peak = 791.074 ; gain = 156.234
set_property SOURCE_SET sources_1 [get_filesets sim_1]
import_files -fileset sim_1 -norecurse L:/Xilinx_Training/lang-vhdl-2021.1-rev1-xlnx_lab_files/training/buildingMemory/support/DPmemory_tb.vhd
file mkdir L:/Xilinx_Training/Lab4/buildingMemory.srcs/sources_1/new
close [ open L:/Xilinx_Training/Lab4/buildingMemory.srcs/sources_1/new/DP_memory.vhd w ]
add_files L:/Xilinx_Training/Lab4/buildingMemory.srcs/sources_1/new/DP_memory.vhd
update_compile_order -fileset sources_1
update_compile_order -fileset sources_1
