Vivado Simulator 2015.3
Time resolution is 1 ps
Note: Peekaboo!
Time: 0 ps  Iteration: 0  Process: /T02_WaitForTb/line__7  File: C:/VhdlWiz/My_Projects/T02_WaitForTb/T02_WaitForTb.srcs/sim_1/imports/exercises/T02_WaitForTb.vhd
Note: Peekaboo!
Time: 10 ns  Iteration: 0  Process: /T02_WaitForTb/line__7  File: C:/VhdlWiz/My_Projects/T02_WaitForTb/T02_WaitForTb.srcs/sim_1/imports/exercises/T02_WaitForTb.vhd
Note: Peekaboo!
Time: 20 ns  Iteration: 0  Process: /T02_WaitForTb/line__7  File: C:/VhdlWiz/My_Projects/T02_WaitForTb/T02_WaitForTb.srcs/sim_1/imports/exercises/T02_WaitForTb.vhd
Note: Peekaboo!
Time: 30 ns  Iteration: 0  Process: /T02_WaitForTb/line__7  File: C:/VhdlWiz/My_Projects/T02_WaitForTb/T02_WaitForTb.srcs/sim_1/imports/exercises/T02_WaitForTb.vhd
Note: Peekaboo!
Time: 40 ns  Iteration: 0  Process: /T02_WaitForTb/line__7  File: C:/VhdlWiz/My_Projects/T02_WaitForTb/T02_WaitForTb.srcs/sim_1/imports/exercises/T02_WaitForTb.vhd
Note: Peekaboo!
Time: 50 ns  Iteration: 0  Process: /T02_WaitForTb/line__7  File: C:/VhdlWiz/My_Projects/T02_WaitForTb/T02_WaitForTb.srcs/sim_1/imports/exercises/T02_WaitForTb.vhd
Note: Peekaboo!
Time: 60 ns  Iteration: 0  Process: /T02_WaitForTb/line__7  File: C:/VhdlWiz/My_Projects/T02_WaitForTb/T02_WaitForTb.srcs/sim_1/imports/exercises/T02_WaitForTb.vhd
Note: Peekaboo!
Time: 70 ns  Iteration: 0  Process: /T02_WaitForTb/line__7  File: C:/VhdlWiz/My_Projects/T02_WaitForTb/T02_WaitForTb.srcs/sim_1/imports/exercises/T02_WaitForTb.vhd
Note: Peekaboo!
Time: 80 ns  Iteration: 0  Process: /T02_WaitForTb/line__7  File: C:/VhdlWiz/My_Projects/T02_WaitForTb/T02_WaitForTb.srcs/sim_1/imports/exercises/T02_WaitForTb.vhd
Note: Peekaboo!
Time: 90 ns  Iteration: 0  Process: /T02_WaitForTb/line__7  File: C:/VhdlWiz/My_Projects/T02_WaitForTb/T02_WaitForTb.srcs/sim_1/imports/exercises/T02_WaitForTb.vhd
Note: Peekaboo!
Time: 100 ns  Iteration: 0  Process: /T02_WaitForTb/line__7  File: C:/VhdlWiz/My_Projects/T02_WaitForTb/T02_WaitForTb.srcs/sim_1/imports/exercises/T02_WaitForTb.vhd
